<?xml version="1.0" encoding="UTF-8"?>
<!-- Generated by org.testng.reporters.JUnitReportReporter -->
<testsuite hostname="LAPTOP-IVBBDUQD" failures="0" tests="1" name="dockerdemo.AutoSuggestDropDownTest" time="6.248" errors="0" timestamp="25 Nov 2021 09:57:14 GMT" skipped="0">
  <testcase classname="dockerdemo.AutoSuggestDropDownTest" name="AutoSuggestDropDownValidationTest" time="6.248"/>
</testsuite> <!-- dockerdemo.AutoSuggestDropDownTest -->
