<?xml version="1.0" encoding="UTF-8"?>
<!-- Generated by org.testng.reporters.JUnitReportReporter -->
<testsuite hostname="LAPTOP-IVBBDUQD" failures="0" tests="1" name="dockerdemo.GmailHomepage" time="9.995" errors="0" timestamp="25 Nov 2021 09:57:14 GMT" skipped="0">
  <testcase classname="dockerdemo.GmailHomepage" name="gmailHomepageTest" time="9.995"/>
</testsuite> <!-- dockerdemo.GmailHomepage -->
