<?xml version="1.0" encoding="UTF-8"?>
<!-- Generated by org.testng.reporters.JUnitReportReporter -->
<testsuite skipped="0" hostname="LAPTOP-IVBBDUQD" name="dockerdemo.GmailHomepage" tests="1" failures="0" timestamp="06 Dec 2021 06:29:46 GMT" time="6.842" errors="0">
  <testcase name="gmailHomepageTest" time="6.842" classname="dockerdemo.GmailHomepage"/>
</testsuite> <!-- dockerdemo.GmailHomepage -->
