<?xml version="1.0" encoding="UTF-8"?>
<!-- Generated by org.testng.reporters.JUnitReportReporter -->
<testsuite skipped="0" hostname="LAPTOP-IVBBDUQD" name="dockerdemo.AutoSuggestDropDownTest" tests="1" failures="0" timestamp="06 Dec 2021 06:38:42 GMT" time="8.422" errors="0">
  <testcase name="AutoSuggestDropDownValidationTest" time="8.422" classname="dockerdemo.AutoSuggestDropDownTest"/>
</testsuite> <!-- dockerdemo.AutoSuggestDropDownTest -->
